TOOL:	xrun	21.03-s009: Started on Nov 17, 2022 at 17:58:31 CET
xrun
	-elaborate
	-l xrun_elaborate.log
	-F ../tb/tb.f
		-F ../tb/../../rtl/rtl.f
			vdic_dut_2022_1_2.sv
		tinyalu_pkg.sv
		tinyalu_bfm.sv
		tester.sv
		coverage.sv
		scoreboard.sv
		top.sv
	-v93
	+nowarnDSEM2009
	+nowarnDSEMEL
	+nowarnCGDEFN
	+nowarnCOVUTA
	+nowarnBADPRF
	+nowarnXCLGNOPTM
	+nowarnRNDXCELON
	+nowarnSAWSTP
	-xmlibdirname INCA_libs
	+overwrite
	-nocopyright
	-coverage all
	-covoverwrite
	-covfile xrun_covfile.txt
		Caching library 'worklib' ....... Done
	Elaborating the design hierarchy:
	Top level design units:
		tinyalu_pkg
		top

	Extracting FSMs for coverage:
		worklib.tester
		worklib.coverage
		worklib.scoreboard
		worklib.CDN_flop
		worklib.vdic_dut_2022
		worklib.top
	Total FSMs extracted = 0
	Building instance overlay tables: .................... Done
	Enabling instrumentation for coverage types: block expression FSM toggle functional
	Generating native compiled code:
		worklib.CDN_flop:sv <0x612c6e57>
			streams:   4, words:  1997
		worklib.vdic_dut_2022:sv <0x344fc30d>
			streams:   0, words:     0
		worklib.top:sv <0x2b3ce957>
			streams:   4, words:   376
		worklib.tester:sv <0x30d0031a>
			streams:  14, words: 25679
		worklib.coverage:sv <0x17884d20>
			streams:   5, words:  5566
		worklib.tinyalu_bfm:sv <0x23b18ea2>
			streams:   4, words:  5458
	Building instance specific data structures.
	Performing constant object marking (COM) analysis.
	Loading native compiled code:     .................... Done
	Design hierarchy summary:
		                  Instances  Unique
		Modules:                312       6
		Interfaces:               1       1
		Verilog packages:         1       1
		Primitives:            4224       4
		Registers:              348      42
		Scalar wires:          1823       -
		Always blocks:          308       2
		Initial blocks:         311       5
		Final blocks:             1       1
		Cont. assignments:      307       1
		Pseudo assignments:       4       4
		Covergroup Instances:     0       2
	Writing initial simulation snapshot: worklib.top:sv
TOOL:	xrun	21.03-s009: Exiting on Nov 17, 2022 at 17:58:32 CET  (total: 00:00:01)
