TOOL:	xrun	21.03-s009: Started on Jan 05, 2023 at 17:52:09 CET
xrun
	-compile
	-l xrun_compile.log
	-F ../tb/tb.f
		-F ../tb/../../rtl/rtl.f
			vdic_dut_2022_1_4.sv
		alu_pkg.sv
		alu_bfm.sv
		top.sv
		+incdir+tb_classes
		+incdir+.
		-uvm
		-uvmhome /eda/cadence/2021-22/RHELx86/XCELIUM_21.03.009/tools/methodology/UVM/CDNS-1.2/sv
		+UVM_NO_RELNOTES
		+UVM_VERBOSITY=MEDIUM
		-linedebug
		-fsmdebug
		-uvmlinedebug
	-v93
	+nowarnDSEM2009
	+nowarnDSEMEL
	+nowarnCGDEFN
	+nowarnCOVUTA
	+nowarnBADPRF
	+nowarnXCLGNOPTM
	+nowarnRNDXCELON
	+nowarnSAWSTP
	-xmlibdirname INCA_libs
	+overwrite
	-nocopyright
	-coverage all
	-covoverwrite
	-covfile xrun_covfile.txt

   User defined plus("+") options:
	+UVM_NO_RELNOTES
	+UVM_VERBOSITY=MEDIUM

Compiling UVM packages (uvm_pkg.sv cdns_uvm_pkg.sv) using uvmhome location /eda/cadence/2021-22/RHELx86/XCELIUM_21.03.009/tools/methodology/UVM/CDNS-1.2/sv
file: ../tb/../../rtl/vdic_dut_2022_1_4.sv
		errors: 0, warnings: 0
		errors: 0, warnings: 0
file: ../tb/alu_pkg.sv
package alu_pkg;
              |
xmvlog: *W,TSNSPK (../tb/alu_pkg.sv,1|14): `timescale is not specified for the package.  The default timescale of 1ns/1ns will be assumed for this package.
	package worklib.alu_pkg:sv
		errors: 0, warnings: 1
file: ../tb/alu_bfm.sv
	interface worklib.alu_bfm:sv
		errors: 0, warnings: 0
file: ../tb/top.sv
	module worklib.top:sv
		errors: 0, warnings: 0
TOOL:	xrun	21.03-s009: Exiting on Jan 05, 2023 at 17:52:10 CET  (total: 00:00:01)
