TOOL:	xrun	21.03-s009: Started on Nov 03, 2022 at 09:17:06 CET
xrun
	-elaborate
	-l xrun_elaborate.log
	-F ../tb/tb.f
		-F ../tb/../../rtl/rtl.f
			vdic_dut_2022_1_0.sv
		alu_tb.sv
	-v93
	+nowarnDSEM2009
	+nowarnDSEMEL
	+nowarnCGDEFN
	+nowarnCOVUTA
	+nowarnBADPRF
	+nowarnXCLGNOPTM
	+nowarnRNDXCELON
	+nowarnSAWSTP
	-xmlibdirname INCA_libs
	+overwrite
	-nocopyright
		Caching library 'worklib' ....... Done
	Elaborating the design hierarchy:
	Top level design units:
		alu_tb
	Building instance overlay tables: .................... Done
	Generating native compiled code:
		worklib.CDN_flop:sv <0x79c3cf5d>
			streams:   4, words:  1008
		worklib.vdic_dut_2022:sv <0x73abf337>
			streams:   0, words:     0
		worklib.alu_tb:sv <0x0c4ba520>
			streams:  17, words: 17586
	Building instance specific data structures.
	Loading native compiled code:     .................... Done
	Design hierarchy summary:
		                Instances  Unique
		Modules:              277       3
		Primitives:          2742       4
		Registers:            311      37
		Scalar wires:        1631       -
		Always blocks:        275       1
		Initial blocks:       278       4
		Final blocks:           1       1
		Cont. assignments:    275       1
		Pseudo assignments:     1       1
		Assertions:             1       1
	Writing initial simulation snapshot: worklib.alu_tb:sv
TOOL:	xrun	21.03-s009: Exiting on Nov 03, 2022 at 09:17:06 CET  (total: 00:00:00)
