TOOL:	xrun	21.03-s009: Started on Nov 10, 2022 at 18:39:37 CET
xrun
	-elaborate
	-l xrun_elaborate.log
	-F ../tb/tb.f
		-F ../tb/../../rtl/rtl.f
			vdic_dut_2022_1_1.sv
		alu_tb.sv
	-v93
	+nowarnDSEM2009
	+nowarnDSEMEL
	+nowarnCGDEFN
	+nowarnCOVUTA
	+nowarnBADPRF
	+nowarnXCLGNOPTM
	+nowarnRNDXCELON
	+nowarnSAWSTP
	-xmlibdirname INCA_libs
	+overwrite
	-nocopyright
	-coverage all
	-covoverwrite
	-covfile xrun_covfile.txt
		Caching library 'worklib' ....... Done
	Elaborating the design hierarchy:
	Top level design units:
		alu_tb

	Extracting FSMs for coverage:
		worklib.CDN_flop
		worklib.vdic_dut_2022
		worklib.alu_tb
	Total FSMs extracted = 0
	Building instance overlay tables: .................... Done
	Enabling instrumentation for coverage types: block expression FSM toggle functional
	Generating native compiled code:
		worklib.CDN_flop:sv <0x612c6e57>
			streams:   4, words:  1997
		worklib.vdic_dut_2022:sv <0x36cef5f4>
			streams:   0, words:     0
		worklib.alu_tb:sv <0x7ffc1459>
			streams:  25, words: 37363
	Building instance specific data structures.
	Performing constant object marking (COM) analysis.
	Loading native compiled code:     .................... Done
	Design hierarchy summary:
		                  Instances  Unique
		Modules:                309       3
		Primitives:            4603       4
		Registers:              348      42
		Scalar wires:          1823       -
		Always blocks:          308       2
		Initial blocks:         311       5
		Final blocks:             1       1
		Cont. assignments:      307       1
		Pseudo assignments:       2       2
		Covergroup Instances:     0       2
	Writing initial simulation snapshot: worklib.alu_tb:sv
TOOL:	xrun	21.03-s009: Exiting on Nov 10, 2022 at 18:39:38 CET  (total: 00:00:01)
